2026-03-09 08:10:42 - data.iv_scraper - INFO - __init__:55 - IV Scraper initialized
2026-03-09 08:10:42 - data.iv_scraper - INFO - scrape_daily:528 - Starting daily IV scraping for ETF universe
2026-03-09 08:10:42 - data.iv_scraper - INFO - scrape_daily:540 - Processing XLRE (Real Estate Sector SPDR ETF)
2026-03-09 08:10:42 - data.iv_scraper - ERROR - _get_current_price:89 - Error getting current price for XLRE: HTTPSConnectionPool(host='fc.yahoo.com', port=443): Max retries exceeded with url: / (Caused by NameResolutionError("<urllib3.connection.HTTPSConnection object at 0x00000262B837EFD0>: Failed to resolve 'fc.yahoo.com' ([Errno 11004] getaddrinfo failed)"))
2026-03-09 08:10:42 - data.iv_scraper - WARNING - scrape_daily:545 - Failed to get current price for XLRE
2026-03-09 08:10:42 - data.iv_scraper - INFO - scrape_daily:540 - Processing XLF (Financials Sector SPDR ETF)
2026-03-09 08:10:42 - data.iv_scraper - ERROR - _get_current_price:89 - Error getting current price for XLF: HTTPSConnectionPool(host='fc.yahoo.com', port=443): Max retries exceeded with url: / (Caused by NameResolutionError("<urllib3.connection.HTTPSConnection object at 0x00000262B837FC50>: Failed to resolve 'fc.yahoo.com' ([Errno 11004] getaddrinfo failed)"))
2026-03-09 08:10:42 - data.iv_scraper - WARNING - scrape_daily:545 - Failed to get current price for XLF
2026-03-09 08:10:42 - data.iv_scraper - INFO - scrape_daily:540 - Processing XLE (Energy Sector SPDR ETF)
2026-03-09 08:10:42 - data.iv_scraper - ERROR - _get_current_price:89 - Error getting current price for XLE: HTTPSConnectionPool(host='fc.yahoo.com', port=443): Max retries exceeded with url: / (Caused by NameResolutionError("<urllib3.connection.HTTPSConnection object at 0x00000262B837EC10>: Failed to resolve 'fc.yahoo.com' ([Errno 11004] getaddrinfo failed)"))
2026-03-09 08:10:42 - data.iv_scraper - WARNING - scrape_daily:545 - Failed to get current price for XLE
2026-03-09 08:10:42 - data.iv_scraper - INFO - scrape_daily:540 - Processing XLC (Communication Services SPDR ETF)
2026-03-09 08:10:42 - data.iv_scraper - ERROR - _get_current_price:89 - Error getting current price for XLC: HTTPSConnectionPool(host='fc.yahoo.com', port=443): Max retries exceeded with url: / (Caused by NameResolutionError("<urllib3.connection.HTTPSConnection object at 0x00000262B8440550>: Failed to resolve 'fc.yahoo.com' ([Errno 11004] getaddrinfo failed)"))
2026-03-09 08:10:42 - data.iv_scraper - WARNING - scrape_daily:545 - Failed to get current price for XLC
2026-03-09 08:10:42 - data.iv_scraper - INFO - scrape_daily:540 - Processing XLK (Technology Sector SPDR ETF)
2026-03-09 08:10:42 - data.iv_scraper - ERROR - _get_current_price:89 - Error getting current price for XLK: HTTPSConnectionPool(host='fc.yahoo.com', port=443): Max retries exceeded with url: / (Caused by NameResolutionError("<urllib3.connection.HTTPSConnection object at 0x00000262B8441310>: Failed to resolve 'fc.yahoo.com' ([Errno 11004] getaddrinfo failed)"))
2026-03-09 08:10:42 - data.iv_scraper - WARNING - scrape_daily:545 - Failed to get current price for XLK
2026-03-09 08:10:42 - data.iv_scraper - INFO - scrape_daily:540 - Processing QQQ (Power Shares QQQ Trust ETF)
2026-03-09 08:10:42 - data.iv_scraper - ERROR - _get_current_price:89 - Error getting current price for QQQ: HTTPSConnectionPool(host='fc.yahoo.com', port=443): Max retries exceeded with url: / (Caused by NameResolutionError("<urllib3.connection.HTTPSConnection object at 0x00000262B84420D0>: Failed to resolve 'fc.yahoo.com' ([Errno 11004] getaddrinfo failed)"))
2026-03-09 08:10:42 - data.iv_scraper - WARNING - scrape_daily:545 - Failed to get current price for QQQ
2026-03-09 08:10:42 - data.iv_scraper - INFO - scrape_daily:540 - Processing SPY (SPDR S&P 500 Trust)
2026-03-09 08:10:42 - data.iv_scraper - ERROR - _get_current_price:89 - Error getting current price for SPY: HTTPSConnectionPool(host='fc.yahoo.com', port=443): Max retries exceeded with url: / (Caused by NameResolutionError("<urllib3.connection.HTTPSConnection object at 0x00000262B8442E90>: Failed to resolve 'fc.yahoo.com' ([Errno 11004] getaddrinfo failed)"))
2026-03-09 08:10:42 - data.iv_scraper - WARNING - scrape_daily:545 - Failed to get current price for SPY
2026-03-09 08:10:42 - data.iv_scraper - INFO - scrape_daily:540 - Processing XLV (Health Care Sector SPDR ETF)
2026-03-09 08:10:42 - data.iv_scraper - ERROR - _get_current_price:89 - Error getting current price for XLV: HTTPSConnectionPool(host='fc.yahoo.com', port=443): Max retries exceeded with url: / (Caused by NameResolutionError("<urllib3.connection.HTTPSConnection object at 0x00000262B837ED50>: Failed to resolve 'fc.yahoo.com' ([Errno 11004] getaddrinfo failed)"))
2026-03-09 08:10:42 - data.iv_scraper - WARNING - scrape_daily:545 - Failed to get current price for XLV
2026-03-09 08:10:42 - data.iv_scraper - INFO - scrape_daily:540 - Processing XLB (Materials Sector SPDR ETF)
2026-03-09 08:10:42 - data.iv_scraper - ERROR - _get_current_price:89 - Error getting current price for XLB: HTTPSConnectionPool(host='fc.yahoo.com', port=443): Max retries exceeded with url: / (Caused by NameResolutionError("<urllib3.connection.HTTPSConnection object at 0x00000262B837F9D0>: Failed to resolve 'fc.yahoo.com' ([Errno 11004] getaddrinfo failed)"))
2026-03-09 08:10:42 - data.iv_scraper - WARNING - scrape_daily:545 - Failed to get current price for XLB
2026-03-09 08:10:42 - data.iv_scraper - INFO - scrape_daily:540 - Processing XLI (Industrials Sector SPDR ETF)
2026-03-09 08:10:42 - data.iv_scraper - ERROR - _get_current_price:89 - Error getting current price for XLI: HTTPSConnectionPool(host='fc.yahoo.com', port=443): Max retries exceeded with url: / (Caused by NameResolutionError("<urllib3.connection.HTTPSConnection object at 0x00000262B8442850>: Failed to resolve 'fc.yahoo.com' ([Errno 11004] getaddrinfo failed)"))
2026-03-09 08:10:42 - data.iv_scraper - WARNING - scrape_daily:545 - Failed to get current price for XLI
2026-03-09 08:10:42 - data.iv_scraper - INFO - scrape_daily:540 - Processing XLY (Consumer Discretionary SPDR ETF)
2026-03-09 08:10:42 - data.iv_scraper - ERROR - _get_current_price:89 - Error getting current price for XLY: HTTPSConnectionPool(host='fc.yahoo.com', port=443): Max retries exceeded with url: / (Caused by NameResolutionError("<urllib3.connection.HTTPSConnection object at 0x00000262B8441590>: Failed to resolve 'fc.yahoo.com' ([Errno 11004] getaddrinfo failed)"))
2026-03-09 08:10:42 - data.iv_scraper - WARNING - scrape_daily:545 - Failed to get current price for XLY
2026-03-09 08:10:42 - data.iv_scraper - INFO - scrape_daily:540 - Processing IWM (I-Shares Russell 2000)
2026-03-09 08:10:42 - data.iv_scraper - ERROR - _get_current_price:89 - Error getting current price for IWM: HTTPSConnectionPool(host='fc.yahoo.com', port=443): Max retries exceeded with url: / (Caused by NameResolutionError("<urllib3.connection.HTTPSConnection object at 0x00000262B84407D0>: Failed to resolve 'fc.yahoo.com' ([Errno 11004] getaddrinfo failed)"))
2026-03-09 08:10:42 - data.iv_scraper - WARNING - scrape_daily:545 - Failed to get current price for IWM
2026-03-09 08:10:42 - data.iv_scraper - INFO - scrape_daily:540 - Processing XLU (Utilities Sector SPDR ETF)
2026-03-09 08:10:42 - data.iv_scraper - ERROR - _get_current_price:89 - Error getting current price for XLU: HTTPSConnectionPool(host='fc.yahoo.com', port=443): Max retries exceeded with url: / (Caused by NameResolutionError("<urllib3.connection.HTTPSConnection object at 0x00000262B8443890>: Failed to resolve 'fc.yahoo.com' ([Errno 11004] getaddrinfo failed)"))
2026-03-09 08:10:42 - data.iv_scraper - WARNING - scrape_daily:545 - Failed to get current price for XLU
2026-03-09 08:10:42 - data.iv_scraper - INFO - scrape_daily:540 - Processing XLP (Consumer Staples Sector SPDR ETF)
2026-03-09 08:10:42 - data.iv_scraper - ERROR - _get_current_price:89 - Error getting current price for XLP: HTTPSConnectionPool(host='fc.yahoo.com', port=443): Max retries exceeded with url: / (Caused by NameResolutionError("<urllib3.connection.HTTPSConnection object at 0x00000262B837F390>: Failed to resolve 'fc.yahoo.com' ([Errno 11004] getaddrinfo failed)"))
2026-03-09 08:10:42 - data.iv_scraper - WARNING - scrape_daily:545 - Failed to get current price for XLP
2026-03-09 08:10:42 - data.iv_scraper - INFO - scrape_daily:622 - Scraping completed: 0/14 successful, 14 failed
2026-03-09 08:10:42 - data.iv_scraper - WARNING - scrape_daily:625 - Failed tickers: XLRE, XLF, XLE, XLC, XLK, QQQ, SPY, XLV, XLB, XLI, XLY, IWM, XLU, XLP
2026-03-09 08:28:54 - data.iv_scraper - INFO - __init__:55 - IV Scraper initialized
2026-03-09 08:28:54 - data.iv_scraper - ERROR - _days_to_expiration:121 - Error parsing expiration date invalid-date: time data 'invalid-date' does not match format '%Y-%m-%d'
2026-03-09 08:28:54 - data.iv_scraper - INFO - __init__:55 - IV Scraper initialized
2026-03-09 08:28:54 - data.iv_scraper - INFO - __init__:55 - IV Scraper initialized
2026-03-09 08:28:54 - data.iv_scraper - INFO - __init__:55 - IV Scraper initialized
2026-03-09 08:28:54 - data.iv_scraper - WARNING - _get_current_price:99 - Could not get current price for SPY
2026-03-09 08:28:54 - data.iv_scraper - ERROR - _get_current_price:103 - Error getting current price for SPY: Network error
2026-03-09 08:28:54 - data.iv_scraper - INFO - __init__:55 - IV Scraper initialized
2026-03-09 08:28:54 - data.iv_scraper - INFO - __init__:55 - IV Scraper initialized
2026-03-09 08:28:54 - data.iv_scraper - INFO - __init__:55 - IV Scraper initialized
2026-03-09 08:28:54 - data.iv_scraper - INFO - __init__:55 - IV Scraper initialized
2026-03-09 08:28:54 - data.iv_scraper - ERROR - _get_current_price:103 - Error getting current price for SPY: ufunc 'isnan' not supported for the input types, and the inputs could not be safely coerced to any supported types according to the casting rule ''safe''
2026-03-09 08:28:54 - data.iv_scraper - WARNING - _get_atm_iv:250 - Could not get current price for SPY
2026-03-09 08:28:54 - data.iv_scraper - ERROR - _get_current_price:103 - Error getting current price for SPY: ufunc 'isnan' not supported for the input types, and the inputs could not be safely coerced to any supported types according to the casting rule ''safe''
2026-03-09 08:28:54 - data.iv_scraper - WARNING - _get_atm_iv:250 - Could not get current price for SPY
2026-03-09 08:28:54 - data.iv_scraper - INFO - __init__:55 - IV Scraper initialized
2026-03-09 08:28:54 - data.iv_scraper - WARNING - _get_ytd_return:490 - No price data available for SPY YTD calculation
2026-03-09 08:28:54 - data.iv_scraper - INFO - __init__:55 - IV Scraper initialized
2026-03-09 08:28:54 - data.iv_scraper - WARNING - _get_ytd_return:490 - No price data available for SPY YTD calculation
2026-03-09 08:28:54 - data.iv_scraper - INFO - __init__:55 - IV Scraper initialized
2026-03-09 08:28:54 - data.iv_scraper - INFO - scrape_daily:541 - Starting daily IV scraping for ETF universe
2026-03-09 08:28:54 - data.iv_scraper - INFO - scrape_daily:560 - Processing SPY (SPDR S&P 500 Trust)
2026-03-09 08:28:54 - data.iv_scraper - ERROR - scrape_daily:636 - Error processing SPY: cannot unpack non-iterable float object
2026-03-09 08:28:54 - data.iv_scraper - INFO - scrape_daily:642 - Scraping completed: 0/1 successful, 1 failed
2026-03-09 08:28:54 - data.iv_scraper - WARNING - scrape_daily:645 - Failed tickers: SPY
2026-03-09 08:28:54 - data.iv_scraper - INFO - __init__:55 - IV Scraper initialized
2026-03-09 08:28:54 - data.iv_scraper - INFO - scrape_daily:541 - Starting daily IV scraping for ETF universe
2026-03-09 08:28:54 - data.iv_scraper - INFO - scrape_daily:560 - Processing TEST (Test ETF)
2026-03-09 08:28:54 - data.iv_scraper - WARNING - scrape_daily:565 - Failed to get current price for TEST
2026-03-09 08:28:54 - data.iv_scraper - INFO - scrape_daily:642 - Scraping completed: 0/1 successful, 1 failed
2026-03-09 08:28:54 - data.iv_scraper - WARNING - scrape_daily:645 - Failed tickers: TEST
2026-03-09 08:28:54 - data.iv_scraper - ERROR - run_scraper:682 - Fatal error running IV scraper: Database connection failed
2026-03-09 08:31:17 - data.iv_scraper - INFO - __init__:55 - IV Scraper initialized
2026-03-09 08:31:17 - data.iv_scraper - ERROR - _days_to_expiration:121 - Error parsing expiration date invalid-date: time data 'invalid-date' does not match format '%Y-%m-%d'
2026-03-09 08:31:17 - data.iv_scraper - INFO - __init__:55 - IV Scraper initialized
2026-03-09 08:31:17 - data.iv_scraper - INFO - __init__:55 - IV Scraper initialized
2026-03-09 08:31:17 - data.iv_scraper - INFO - __init__:55 - IV Scraper initialized
2026-03-09 08:31:17 - data.iv_scraper - WARNING - _get_current_price:99 - Could not get current price for SPY
2026-03-09 08:31:17 - data.iv_scraper - ERROR - _get_current_price:103 - Error getting current price for SPY: Network error
2026-03-09 08:31:17 - data.iv_scraper - INFO - __init__:55 - IV Scraper initialized
2026-03-09 08:31:17 - data.iv_scraper - WARNING - _extract_iv_for_expiration:401 - Empty options chain for SPY 2024-04-19
2026-03-09 08:31:17 - data.iv_scraper - INFO - __init__:55 - IV Scraper initialized
2026-03-09 08:31:17 - data.iv_scraper - INFO - __init__:55 - IV Scraper initialized
2026-03-09 08:31:17 - data.iv_scraper - INFO - __init__:55 - IV Scraper initialized
2026-03-09 08:31:17 - data.iv_scraper - ERROR - _get_current_price:103 - Error getting current price for SPY: ufunc 'isnan' not supported for the input types, and the inputs could not be safely coerced to any supported types according to the casting rule ''safe''
2026-03-09 08:31:17 - data.iv_scraper - WARNING - _get_atm_iv:250 - Could not get current price for SPY
2026-03-09 08:31:17 - data.iv_scraper - ERROR - _get_current_price:103 - Error getting current price for SPY: ufunc 'isnan' not supported for the input types, and the inputs could not be safely coerced to any supported types according to the casting rule ''safe''
2026-03-09 08:31:17 - data.iv_scraper - WARNING - _get_atm_iv:250 - Could not get current price for SPY
2026-03-09 08:31:17 - data.iv_scraper - INFO - __init__:55 - IV Scraper initialized
2026-03-09 08:31:17 - data.iv_scraper - INFO - __init__:55 - IV Scraper initialized
2026-03-09 08:31:17 - data.iv_scraper - WARNING - _get_ytd_return:490 - No price data available for SPY YTD calculation
2026-03-09 08:31:17 - data.iv_scraper - INFO - __init__:55 - IV Scraper initialized
2026-03-09 08:31:17 - data.iv_scraper - INFO - scrape_daily:541 - Starting daily IV scraping for ETF universe
2026-03-09 08:31:17 - data.iv_scraper - INFO - scrape_daily:560 - Processing SPY (SPDR S&P 500 Trust)
2026-03-09 08:31:17 - data.iv_scraper - INFO - scrape_daily:626 - Successfully processed SPY: Price=$150.00, IV=0.2500, RV=0.2000, Premium=25.00% (if available), YTD=0.1500 (if available)
2026-03-09 08:31:17 - data.iv_scraper - INFO - scrape_daily:642 - Scraping completed: 1/1 successful, 0 failed
2026-03-09 08:31:17 - data.iv_scraper - INFO - __init__:55 - IV Scraper initialized
2026-03-09 08:31:17 - data.iv_scraper - INFO - scrape_daily:541 - Starting daily IV scraping for ETF universe
2026-03-09 08:31:17 - data.iv_scraper - INFO - scrape_daily:560 - Processing TEST (Test ETF)
2026-03-09 08:31:17 - data.iv_scraper - WARNING - scrape_daily:565 - Failed to get current price for TEST
2026-03-09 08:31:17 - data.iv_scraper - INFO - scrape_daily:642 - Scraping completed: 0/1 successful, 1 failed
2026-03-09 08:31:17 - data.iv_scraper - WARNING - scrape_daily:645 - Failed tickers: TEST
2026-03-09 08:31:17 - data.iv_scraper - ERROR - run_scraper:682 - Fatal error running IV scraper: Database connection failed
2026-03-10 08:36:12 - data.iv_scraper - INFO - __init__:55 - IV Scraper initialized
2026-03-10 08:36:12 - data.iv_scraper - INFO - scrape_daily:541 - Starting daily IV scraping for ETF universe
2026-03-10 08:36:12 - data.iv_scraper - INFO - scrape_daily:560 - Processing XLRE (Real Estate Sector SPDR ETF)
2026-03-10 08:36:16 - data.iv_scraper - WARNING - _get_atm_iv:261 - No option expirations for XLRE
2026-03-10 08:36:16 - data.iv_scraper - WARNING - scrape_daily:573 - Failed to get IV for XLRE
2026-03-10 08:36:16 - data.iv_scraper - INFO - scrape_daily:560 - Processing XLF (Financials Sector SPDR ETF)
2026-03-10 08:36:19 - data.iv_scraper - WARNING - _get_atm_iv:261 - No option expirations for XLF
2026-03-10 08:36:19 - data.iv_scraper - WARNING - scrape_daily:573 - Failed to get IV for XLF
2026-03-10 08:36:19 - data.iv_scraper - INFO - scrape_daily:560 - Processing XLE (Energy Sector SPDR ETF)
2026-03-10 08:36:23 - data.iv_scraper - WARNING - _get_atm_iv:261 - No option expirations for XLE
2026-03-10 08:36:23 - data.iv_scraper - WARNING - scrape_daily:573 - Failed to get IV for XLE
2026-03-10 08:36:23 - data.iv_scraper - INFO - scrape_daily:560 - Processing XLC (Communication Services SPDR ETF)
2026-03-10 08:36:27 - data.iv_scraper - WARNING - _get_atm_iv:261 - No option expirations for XLC
2026-03-10 08:36:27 - data.iv_scraper - WARNING - scrape_daily:573 - Failed to get IV for XLC
2026-03-10 08:36:27 - data.iv_scraper - INFO - scrape_daily:560 - Processing XLK (Technology Sector SPDR ETF)
2026-03-10 08:36:30 - data.iv_scraper - WARNING - _get_atm_iv:261 - No option expirations for XLK
2026-03-10 08:36:30 - data.iv_scraper - WARNING - scrape_daily:573 - Failed to get IV for XLK
2026-03-10 08:36:30 - data.iv_scraper - INFO - scrape_daily:560 - Processing QQQ (Power Shares QQQ Trust ETF)
2026-03-10 08:36:33 - data.iv_scraper - WARNING - _get_atm_iv:261 - No option expirations for QQQ
2026-03-10 08:36:33 - data.iv_scraper - WARNING - scrape_daily:573 - Failed to get IV for QQQ
2026-03-10 08:36:33 - data.iv_scraper - INFO - scrape_daily:560 - Processing SPY (SPDR S&P 500 Trust)
2026-03-10 08:36:37 - data.iv_scraper - WARNING - _get_atm_iv:261 - No option expirations for SPY
2026-03-10 08:36:37 - data.iv_scraper - WARNING - scrape_daily:573 - Failed to get IV for SPY
2026-03-10 08:36:37 - data.iv_scraper - INFO - scrape_daily:560 - Processing XLV (Health Care Sector SPDR ETF)
2026-03-10 08:36:40 - data.iv_scraper - WARNING - _get_atm_iv:261 - No option expirations for XLV
2026-03-10 08:36:40 - data.iv_scraper - WARNING - scrape_daily:573 - Failed to get IV for XLV
2026-03-10 08:36:40 - data.iv_scraper - INFO - scrape_daily:560 - Processing XLB (Materials Sector SPDR ETF)
2026-03-10 08:36:43 - data.iv_scraper - WARNING - _get_atm_iv:261 - No option expirations for XLB
2026-03-10 08:36:43 - data.iv_scraper - WARNING - scrape_daily:573 - Failed to get IV for XLB
2026-03-10 08:36:43 - data.iv_scraper - INFO - scrape_daily:560 - Processing XLI (Industrials Sector SPDR ETF)
2026-03-10 08:36:46 - data.iv_scraper - WARNING - _get_atm_iv:261 - No option expirations for XLI
2026-03-10 08:36:46 - data.iv_scraper - WARNING - scrape_daily:573 - Failed to get IV for XLI
2026-03-10 08:36:46 - data.iv_scraper - INFO - scrape_daily:560 - Processing XLY (Consumer Discretionary SPDR ETF)
2026-03-10 08:36:48 - data.iv_scraper - WARNING - _get_atm_iv:261 - No option expirations for XLY
2026-03-10 08:36:48 - data.iv_scraper - WARNING - scrape_daily:573 - Failed to get IV for XLY
2026-03-10 08:36:48 - data.iv_scraper - INFO - scrape_daily:560 - Processing IWM (I-Shares Russell 2000)
2026-03-10 08:36:52 - data.iv_scraper - WARNING - _get_atm_iv:261 - No option expirations for IWM
2026-03-10 08:36:52 - data.iv_scraper - WARNING - scrape_daily:573 - Failed to get IV for IWM
2026-03-10 08:36:52 - data.iv_scraper - INFO - scrape_daily:560 - Processing XLU (Utilities Sector SPDR ETF)
2026-03-10 08:36:56 - data.iv_scraper - WARNING - _get_atm_iv:261 - No option expirations for XLU
2026-03-10 08:36:56 - data.iv_scraper - WARNING - scrape_daily:573 - Failed to get IV for XLU
2026-03-10 08:36:56 - data.iv_scraper - INFO - scrape_daily:560 - Processing XLP (Consumer Staples Sector SPDR ETF)
2026-03-10 08:36:58 - data.iv_scraper - WARNING - _get_atm_iv:261 - No option expirations for XLP
2026-03-10 08:36:58 - data.iv_scraper - WARNING - scrape_daily:573 - Failed to get IV for XLP
2026-03-10 08:36:58 - data.iv_scraper - INFO - scrape_daily:642 - Scraping completed: 0/14 successful, 14 failed
2026-03-10 08:36:58 - data.iv_scraper - WARNING - scrape_daily:645 - Failed tickers: XLRE, XLF, XLE, XLC, XLK, QQQ, SPY, XLV, XLB, XLI, XLY, IWM, XLU, XLP
2026-03-10 09:06:12 - data.iv_scraper - INFO - __init__:57 - IV Scraper initialized
2026-03-10 09:06:13 - data.iv_scraper - WARNING - _extract_iv_for_expiration:520 - Empty options chain for SPY 2026-04-09
2026-03-10 09:06:13 - data.iv_scraper - WARNING - _get_atm_iv:441 - Could not extract IV for any expiration for SPY
2026-03-10 09:06:43 - data.iv_scraper - INFO - __init__:57 - IV Scraper initialized
2026-03-10 09:08:25 - data.iv_scraper - INFO - __init__:57 - IV Scraper initialized
2026-03-10 09:09:08 - data.iv_scraper - INFO - __init__:57 - IV Scraper initialized
2026-03-10 09:09:08 - data.iv_scraper - ERROR - _days_to_expiration:251 - Error parsing expiration date invalid-date: time data 'invalid-date' does not match format '%Y-%m-%d'
2026-03-10 09:09:08 - data.iv_scraper - INFO - __init__:57 - IV Scraper initialized
2026-03-10 09:09:08 - data.iv_scraper - INFO - __init__:57 - IV Scraper initialized
2026-03-10 09:09:08 - data.iv_scraper - INFO - __init__:57 - IV Scraper initialized
2026-03-10 09:09:08 - data.iv_scraper - ERROR - _get_current_price:233 - Error getting current price for SPY: float() argument must be a string or a real number, not 'Mock'
2026-03-10 09:09:11 - data.iv_scraper - INFO - __init__:57 - IV Scraper initialized
2026-03-10 09:09:13 - data.iv_scraper - WARNING - _extract_iv_for_expiration:524 - Empty options chain for SPY 2024-04-19
2026-03-10 09:09:13 - data.iv_scraper - INFO - __init__:57 - IV Scraper initialized
2026-03-10 09:09:13 - data.iv_scraper - ERROR - _get_current_price:233 - Error getting current price for SPY: float() argument must be a string or a real number, not 'Mock'
2026-03-10 09:09:13 - data.iv_scraper - WARNING - _get_atm_iv:378 - Could not get current price for SPY
2026-03-10 09:09:13 - data.iv_scraper - INFO - __init__:57 - IV Scraper initialized
2026-03-10 09:09:13 - data.iv_scraper - ERROR - _get_current_price:233 - Error getting current price for SPY: float() argument must be a string or a real number, not 'Mock'
2026-03-10 09:09:13 - data.iv_scraper - WARNING - _get_atm_iv:378 - Could not get current price for SPY
2026-03-10 09:09:13 - data.iv_scraper - INFO - __init__:57 - IV Scraper initialized
2026-03-10 09:09:13 - data.iv_scraper - ERROR - _get_current_price:233 - Error getting current price for SPY: float() argument must be a string or a real number, not 'Mock'
2026-03-10 09:09:13 - data.iv_scraper - WARNING - _get_atm_iv:378 - Could not get current price for SPY
2026-03-10 09:09:13 - data.iv_scraper - ERROR - _get_current_price:233 - Error getting current price for SPY: float() argument must be a string or a real number, not 'Mock'
2026-03-10 09:09:13 - data.iv_scraper - WARNING - _get_atm_iv:378 - Could not get current price for SPY
2026-03-10 09:09:13 - data.iv_scraper - INFO - __init__:57 - IV Scraper initialized
2026-03-10 09:09:13 - data.iv_scraper - INFO - __init__:57 - IV Scraper initialized
2026-03-10 09:09:13 - data.iv_scraper - WARNING - _get_ytd_return:613 - No price data available for SPY YTD calculation
2026-03-10 09:09:13 - data.iv_scraper - INFO - __init__:57 - IV Scraper initialized
2026-03-10 09:09:13 - data.iv_scraper - INFO - scrape_daily:664 - Starting daily IV scraping for ETF universe
2026-03-10 09:09:13 - data.iv_scraper - INFO - scrape_daily:683 - Processing SPY (SPDR S&P 500 Trust)
2026-03-10 09:09:13 - data.iv_scraper - INFO - scrape_daily:748 - Successfully processed SPY: Price=$150.00, IV=0.2500, RV=0.2000, Premium=25.00% (if available), YTD=0.1500 (if available)
2026-03-10 09:09:13 - data.iv_scraper - INFO - scrape_daily:764 - Scraping completed: 1/1 successful, 0 failed
2026-03-10 09:09:13 - data.iv_scraper - INFO - __init__:57 - IV Scraper initialized
2026-03-10 09:09:13 - data.iv_scraper - INFO - scrape_daily:664 - Starting daily IV scraping for ETF universe
2026-03-10 09:09:13 - data.iv_scraper - INFO - scrape_daily:683 - Processing TEST (Test ETF)
2026-03-10 09:09:13 - data.iv_scraper - WARNING - scrape_daily:688 - Failed to get current price for TEST
2026-03-10 09:09:13 - data.iv_scraper - INFO - scrape_daily:764 - Scraping completed: 0/1 successful, 1 failed
2026-03-10 09:09:13 - data.iv_scraper - WARNING - scrape_daily:767 - Failed tickers: TEST
2026-03-10 09:09:13 - data.iv_scraper - ERROR - run_scraper:804 - Fatal error running IV scraper: Database connection failed
2026-03-10 09:12:10 - data.iv_scraper - INFO - __init__:57 - IV Scraper initialized
2026-03-10 09:12:10 - data.iv_scraper - ERROR - _days_to_expiration:251 - Error parsing expiration date invalid-date: time data 'invalid-date' does not match format '%Y-%m-%d'
2026-03-10 09:12:10 - data.iv_scraper - INFO - __init__:57 - IV Scraper initialized
2026-03-10 09:12:10 - data.iv_scraper - INFO - __init__:57 - IV Scraper initialized
2026-03-10 09:12:10 - data.iv_scraper - INFO - __init__:57 - IV Scraper initialized
2026-03-10 09:12:10 - data.iv_scraper - WARNING - _get_current_price:229 - Could not get current price for SPY
2026-03-10 09:12:10 - data.iv_scraper - ERROR - _get_current_price:233 - Error getting current price for SPY: Network error
2026-03-10 09:12:10 - data.iv_scraper - INFO - __init__:57 - IV Scraper initialized
2026-03-10 09:12:10 - data.iv_scraper - WARNING - _extract_iv_for_expiration:524 - Empty options chain for SPY 2024-04-19
2026-03-10 09:12:11 - data.iv_scraper - INFO - __init__:57 - IV Scraper initialized
2026-03-10 09:12:11 - data.iv_scraper - INFO - __init__:57 - IV Scraper initialized
2026-03-10 09:12:11 - data.iv_scraper - INFO - __init__:57 - IV Scraper initialized
2026-03-10 09:12:11 - data.iv_scraper - WARNING - _get_atm_iv:385 - No option expirations for SPY
2026-03-10 09:12:11 - data.iv_scraper - ERROR - _get_atm_iv:501 - Error extracting ATM IV for SPY: No options
2026-03-10 09:12:11 - data.iv_scraper - INFO - __init__:57 - IV Scraper initialized
2026-03-10 09:12:11 - data.iv_scraper - INFO - __init__:57 - IV Scraper initialized
2026-03-10 09:12:11 - data.iv_scraper - WARNING - _get_ytd_return:613 - No price data available for SPY YTD calculation
2026-03-10 09:12:11 - data.iv_scraper - INFO - __init__:57 - IV Scraper initialized
2026-03-10 09:12:11 - data.iv_scraper - INFO - scrape_daily:664 - Starting daily IV scraping for ETF universe
2026-03-10 09:12:11 - data.iv_scraper - INFO - scrape_daily:683 - Processing SPY (SPDR S&P 500 Trust)
2026-03-10 09:12:11 - data.iv_scraper - INFO - scrape_daily:748 - Successfully processed SPY: Price=$150.00, IV=0.2500, RV=0.2000, Premium=25.00% (if available), YTD=0.1500 (if available)
2026-03-10 09:12:11 - data.iv_scraper - INFO - scrape_daily:764 - Scraping completed: 1/1 successful, 0 failed
2026-03-10 09:12:11 - data.iv_scraper - INFO - __init__:57 - IV Scraper initialized
2026-03-10 09:12:11 - data.iv_scraper - INFO - scrape_daily:664 - Starting daily IV scraping for ETF universe
2026-03-10 09:12:11 - data.iv_scraper - INFO - scrape_daily:683 - Processing TEST (Test ETF)
2026-03-10 09:12:11 - data.iv_scraper - WARNING - scrape_daily:688 - Failed to get current price for TEST
2026-03-10 09:12:11 - data.iv_scraper - INFO - scrape_daily:764 - Scraping completed: 0/1 successful, 1 failed
2026-03-10 09:12:11 - data.iv_scraper - WARNING - scrape_daily:767 - Failed tickers: TEST
2026-03-10 09:12:11 - data.iv_scraper - ERROR - run_scraper:804 - Fatal error running IV scraper: Database connection failed
2026-03-10 09:15:41 - data.iv_scraper - INFO - __init__:57 - IV Scraper initialized
2026-03-10 09:15:41 - data.iv_scraper - INFO - scrape_daily:664 - Starting daily IV scraping for ETF universe
2026-03-10 09:15:41 - data.iv_scraper - INFO - scrape_daily:683 - Processing XLRE (Real Estate Sector SPDR ETF)
2026-03-10 09:15:42 - data.iv_scraper - WARNING - scrape_daily:713 - XLRE: Low quality IV data (Q:33.0, Vol:51.86363636363637, Spread:67.9%)
2026-03-10 09:15:48 - data.iv_scraper - INFO - scrape_daily:748 - Successfully processed XLRE: Price=$42.77, IV=0.2493, RV=0.1364, Premium=82.77% (if available), YTD=0.0644 (if available)
2026-03-10 09:15:48 - data.iv_scraper - INFO - scrape_daily:683 - Processing XLF (Financials Sector SPDR ETF)
2026-03-10 09:15:51 - data.iv_scraper - INFO - scrape_daily:748 - Successfully processed XLF: Price=$50.27, IV=0.2061, RV=0.1908, Premium=8.04% (if available), YTD=-0.0837 (if available)
2026-03-10 09:15:51 - data.iv_scraper - INFO - scrape_daily:683 - Processing XLE (Energy Sector SPDR ETF)
2026-03-10 09:15:51 - data.iv_scraper - WARNING - scrape_daily:713 - XLE: Low quality IV data (Q:44.5, Vol:208.9438202247191, Spread:28.4%)
2026-03-10 09:15:54 - data.iv_scraper - INFO - scrape_daily:748 - Successfully processed XLE: Price=$56.32, IV=0.4231, RV=0.2017, Premium=109.75% (if available), YTD=0.2337 (if available)
2026-03-10 09:15:54 - data.iv_scraper - INFO - scrape_daily:683 - Processing XLC (Communication Services SPDR ETF)
2026-03-10 09:15:54 - data.iv_scraper - WARNING - scrape_daily:713 - XLC: Low quality IV data (Q:38.2, Vol:nan, Spread:66.2%)
2026-03-10 09:15:56 - data.iv_scraper - INFO - scrape_daily:748 - Successfully processed XLC: Price=$117.58, IV=0.2379, RV=0.1426, Premium=66.80% (if available), YTD=0.0056 (if available)
2026-03-10 09:15:56 - data.iv_scraper - INFO - scrape_daily:683 - Processing XLK (Technology Sector SPDR ETF)
2026-03-10 09:15:59 - data.iv_scraper - INFO - scrape_daily:748 - Successfully processed XLK: Price=$139.95, IV=0.3110, RV=0.2624, Premium=18.54% (if available), YTD=-0.0315 (if available)
2026-03-10 09:15:59 - data.iv_scraper - INFO - scrape_daily:683 - Processing QQQ (Power Shares QQQ Trust ETF)
2026-03-10 09:16:01 - data.iv_scraper - INFO - scrape_daily:748 - Successfully processed QQQ: Price=$608.33, IV=0.2304, RV=0.1762, Premium=30.80% (if available), YTD=-0.0087 (if available)
2026-03-10 09:16:01 - data.iv_scraper - INFO - scrape_daily:683 - Processing SPY (SPDR S&P 500 Trust)
2026-03-10 09:16:04 - data.iv_scraper - INFO - scrape_daily:748 - Successfully processed SPY: Price=$678.27, IV=0.1896, RV=0.1229, Premium=54.30% (if available), YTD=-0.0072 (if available)
2026-03-10 09:16:04 - data.iv_scraper - INFO - scrape_daily:683 - Processing XLV (Health Care Sector SPDR ETF)
2026-03-10 09:16:07 - data.iv_scraper - INFO - scrape_daily:748 - Successfully processed XLV: Price=$153.77, IV=0.2291, RV=0.1514, Premium=51.30% (if available), YTD=-0.0080 (if available)
2026-03-10 09:16:07 - data.iv_scraper - INFO - scrape_daily:683 - Processing XLB (Materials Sector SPDR ETF)
2026-03-10 09:16:08 - data.iv_scraper - WARNING - scrape_daily:713 - XLB: Low quality IV data (Q:23.2, Vol:19.0, Spread:60.8%)
2026-03-10 09:16:10 - data.iv_scraper - INFO - scrape_daily:748 - Successfully processed XLB: Price=$49.76, IV=0.3824, RV=0.2091, Premium=82.89% (if available), YTD=0.0839 (if available)
2026-03-10 09:16:10 - data.iv_scraper - INFO - scrape_daily:683 - Processing XLI (Industrials Sector SPDR ETF)
2026-03-10 09:16:12 - data.iv_scraper - INFO - scrape_daily:748 - Successfully processed XLI: Price=$170.34, IV=0.2382, RV=0.1656, Premium=43.84% (if available), YTD=0.0820 (if available)
2026-03-10 09:16:12 - data.iv_scraper - INFO - scrape_daily:683 - Processing XLY (Consumer Discretionary SPDR ETF)
2026-03-10 09:16:13 - data.iv_scraper - WARNING - scrape_daily:713 - XLY: Low quality IV data (Q:29.6, Vol:nan, Spread:51.6%)
2026-03-10 09:16:13 - data.iv_scraper - INFO - scrape_daily:748 - Successfully processed XLY: Price=$114.57, IV=0.3137, RV=0.1590, Premium=97.32% (if available), YTD=-0.0319 (if available)
2026-03-10 09:16:13 - data.iv_scraper - INFO - scrape_daily:683 - Processing IWM (I-Shares Russell 2000)
2026-03-10 09:16:15 - data.iv_scraper - INFO - scrape_daily:748 - Successfully processed IWM: Price=$253.62, IV=0.2723, RV=0.2053, Premium=32.60% (if available), YTD=0.0195 (if available)
2026-03-10 09:16:15 - data.iv_scraper - INFO - scrape_daily:683 - Processing XLU (Utilities Sector SPDR ETF)
2026-03-10 09:16:15 - data.iv_scraper - WARNING - scrape_daily:713 - XLU: Low quality IV data (Q:26.6, Vol:69.88732394366197, Spread:105.7%)
2026-03-10 09:16:20 - data.iv_scraper - INFO - scrape_daily:748 - Successfully processed XLU: Price=$46.51, IV=0.3128, RV=0.1523, Premium=105.33% (if available), YTD=0.0850 (if available)
2026-03-10 09:16:20 - data.iv_scraper - INFO - scrape_daily:683 - Processing XLP (Consumer Staples Sector SPDR ETF)
2026-03-10 09:16:20 - data.iv_scraper - WARNING - scrape_daily:713 - XLP: Low quality IV data (Q:44.2, Vol:11.305084745762711, Spread:38.0%)
2026-03-10 09:16:20 - data.iv_scraper - INFO - scrape_daily:748 - Successfully processed XLP: Price=$85.37, IV=0.2266, RV=0.1594, Premium=42.15% (if available), YTD=0.0989 (if available)
2026-03-10 09:16:20 - data.iv_scraper - INFO - scrape_daily:764 - Scraping completed: 14/14 successful, 0 failed
2026-03-10 09:47:06 - data.iv_scraper - INFO - __init__:57 - IV Scraper initialized
2026-03-10 09:47:06 - data.iv_scraper - INFO - scrape_daily:694 - Starting daily IV scraping for ETF universe
2026-03-10 09:47:06 - data.iv_scraper - INFO - scrape_daily:709 - Skipping XLRE - already have today's data
2026-03-10 09:47:06 - data.iv_scraper - INFO - scrape_daily:709 - Skipping XLF - already have today's data
2026-03-10 09:47:06 - data.iv_scraper - INFO - scrape_daily:709 - Skipping XLE - already have today's data
2026-03-10 09:47:06 - data.iv_scraper - INFO - scrape_daily:709 - Skipping XLC - already have today's data
2026-03-10 09:47:06 - data.iv_scraper - INFO - scrape_daily:709 - Skipping XLK - already have today's data
2026-03-10 09:47:06 - data.iv_scraper - INFO - scrape_daily:709 - Skipping QQQ - already have today's data
2026-03-10 09:47:06 - data.iv_scraper - INFO - scrape_daily:709 - Skipping SPY - already have today's data
2026-03-10 09:47:06 - data.iv_scraper - INFO - scrape_daily:709 - Skipping XLV - already have today's data
2026-03-10 09:47:06 - data.iv_scraper - INFO - scrape_daily:709 - Skipping XLB - already have today's data
2026-03-10 09:47:06 - data.iv_scraper - INFO - scrape_daily:709 - Skipping XLI - already have today's data
2026-03-10 09:47:06 - data.iv_scraper - INFO - scrape_daily:709 - Skipping XLY - already have today's data
2026-03-10 09:47:06 - data.iv_scraper - INFO - scrape_daily:709 - Skipping IWM - already have today's data
2026-03-10 09:47:06 - data.iv_scraper - INFO - scrape_daily:709 - Skipping XLU - already have today's data
2026-03-10 09:47:06 - data.iv_scraper - INFO - scrape_daily:709 - Skipping XLP - already have today's data
2026-03-10 09:47:06 - data.iv_scraper - INFO - scrape_daily:794 - Scraping completed: 14/14 successful, 0 failed
2026-03-11 16:30:15 - data.iv_scraper - INFO - __init__:57 - IV Scraper initialized
2026-03-11 16:30:16 - data.iv_scraper - INFO - scrape_daily:694 - Starting daily IV scraping for ETF universe
2026-03-11 16:30:16 - data.iv_scraper - INFO - scrape_daily:713 - Processing XLRE (Real Estate Sector SPDR ETF)
2026-03-11 16:30:17 - data.iv_scraper - WARNING - scrape_daily:743 - XLRE: Low quality IV data (Q:25.5, Vol:77.38235294117646, Spread:170.5%)
2026-03-11 16:30:24 - data.iv_scraper - INFO - scrape_daily:778 - Successfully processed XLRE: Price=$42.98, IV=0.5528, RV=0.1352, Premium=308.87% (if available), YTD=0.0629 (if available)
2026-03-11 16:30:24 - data.iv_scraper - INFO - scrape_daily:713 - Processing XLF (Financials Sector SPDR ETF)
2026-03-11 16:30:25 - data.iv_scraper - INFO - scrape_daily:778 - Successfully processed XLF: Price=$50.33, IV=0.2431, RV=0.1909, Premium=27.30% (if available), YTD=-0.0887 (if available)
2026-03-11 16:30:25 - data.iv_scraper - INFO - scrape_daily:713 - Processing XLE (Energy Sector SPDR ETF)
2026-03-11 16:30:26 - data.iv_scraper - INFO - scrape_daily:778 - Successfully processed XLE: Price=$56.32, IV=0.3782, RV=0.2017, Premium=87.46% (if available), YTD=0.2180 (if available)
2026-03-11 16:30:26 - data.iv_scraper - INFO - scrape_daily:713 - Processing XLC (Communication Services SPDR ETF)
2026-03-11 16:30:26 - data.iv_scraper - WARNING - scrape_daily:743 - XLC: Low quality IV data (Q:22.1, Vol:15.728813559322035, Spread:152.9%)
2026-03-11 16:30:27 - data.iv_scraper - INFO - scrape_daily:778 - Successfully processed XLC: Price=$117.56, IV=0.4294, RV=0.1434, Premium=199.45% (if available), YTD=0.0041 (if available)
2026-03-11 16:30:27 - data.iv_scraper - INFO - scrape_daily:713 - Processing XLK (Technology Sector SPDR ETF)
2026-03-11 16:30:28 - data.iv_scraper - INFO - scrape_daily:778 - Successfully processed XLK: Price=$139.76, IV=0.3137, RV=0.2624, Premium=19.54% (if available), YTD=-0.0315 (if available)
2026-03-11 16:30:28 - data.iv_scraper - INFO - scrape_daily:713 - Processing QQQ (Power Shares QQQ Trust ETF)
2026-03-11 16:30:29 - data.iv_scraper - INFO - scrape_daily:778 - Successfully processed QQQ: Price=$607.76, IV=0.2304, RV=0.1762, Premium=30.81% (if available), YTD=-0.0087 (if available)
2026-03-11 16:30:29 - data.iv_scraper - INFO - scrape_daily:713 - Processing SPY (SPDR S&P 500 Trust)
2026-03-11 16:30:31 - data.iv_scraper - INFO - scrape_daily:778 - Successfully processed SPY: Price=$678.27, IV=0.1918, RV=0.1229, Premium=56.12% (if available), YTD=-0.0088 (if available)
2026-03-11 16:30:31 - data.iv_scraper - INFO - scrape_daily:713 - Processing XLV (Health Care Sector SPDR ETF)
2026-03-11 16:30:31 - data.iv_scraper - WARNING - scrape_daily:743 - XLV: Low quality IV data (Q:23.2, Vol:81.96774193548387, Spread:111.6%)
2026-03-11 16:30:32 - data.iv_scraper - INFO - scrape_daily:778 - Successfully processed XLV: Price=$154.26, IV=0.3585, RV=0.1514, Premium=136.78% (if available), YTD=-0.0152 (if available)
2026-03-11 16:30:32 - data.iv_scraper - INFO - scrape_daily:713 - Processing XLB (Materials Sector SPDR ETF)
2026-03-11 16:30:32 - data.iv_scraper - WARNING - scrape_daily:743 - XLB: Low quality IV data (Q:46.8, Vol:199.27272727272728, Spread:51.7%)
2026-03-11 16:30:33 - data.iv_scraper - INFO - scrape_daily:778 - Successfully processed XLB: Price=$49.99, IV=0.3418, RV=0.2088, Premium=63.65% (if available), YTD=0.0815 (if available)
2026-03-11 16:30:33 - data.iv_scraper - INFO - scrape_daily:713 - Processing XLI (Industrials Sector SPDR ETF)
2026-03-11 16:30:33 - data.iv_scraper - WARNING - scrape_daily:743 - XLI: Low quality IV data (Q:24.4, Vol:40.06153846153846, Spread:154.4%)
2026-03-11 16:30:34 - data.iv_scraper - INFO - scrape_daily:778 - Successfully processed XLI: Price=$170.94, IV=0.3315, RV=0.1656, Premium=100.16% (if available), YTD=0.0762 (if available)
2026-03-11 16:30:34 - data.iv_scraper - INFO - scrape_daily:713 - Processing XLY (Consumer Discretionary SPDR ETF)
2026-03-11 16:30:34 - data.iv_scraper - WARNING - scrape_daily:743 - XLY: Low quality IV data (Q:23.2, Vol:23.5, Spread:147.3%)
2026-03-11 16:30:34 - data.iv_scraper - INFO - scrape_daily:778 - Successfully processed XLY: Price=$114.57, IV=0.3779, RV=0.1590, Premium=137.71% (if available), YTD=-0.0319 (if available)
2026-03-11 16:30:34 - data.iv_scraper - INFO - scrape_daily:713 - Processing IWM (I-Shares Russell 2000)
2026-03-11 16:30:36 - data.iv_scraper - INFO - scrape_daily:778 - Successfully processed IWM: Price=$253.62, IV=0.2790, RV=0.2053, Premium=35.89% (if available), YTD=0.0184 (if available)
2026-03-11 16:30:36 - data.iv_scraper - INFO - scrape_daily:713 - Processing XLU (Utilities Sector SPDR ETF)
2026-03-11 16:30:36 - data.iv_scraper - WARNING - scrape_daily:743 - XLU: Low quality IV data (Q:47.8, Vol:424.869109947644, Spread:66.0%)
2026-03-11 16:30:37 - data.iv_scraper - INFO - scrape_daily:778 - Successfully processed XLU: Price=$46.85, IV=0.2391, RV=0.1523, Premium=56.96% (if available), YTD=0.0783 (if available)
2026-03-11 16:30:37 - data.iv_scraper - INFO - scrape_daily:713 - Processing XLP (Consumer Staples Sector SPDR ETF)
2026-03-11 16:30:37 - data.iv_scraper - WARNING - scrape_daily:743 - XLP: Low quality IV data (Q:33.0, Vol:174.5681818181818, Spread:84.7%)
2026-03-11 16:30:37 - data.iv_scraper - INFO - scrape_daily:778 - Successfully processed XLP: Price=$85.37, IV=0.3420, RV=0.1594, Premium=114.53% (if available), YTD=0.0989 (if available)
2026-03-11 16:30:37 - data.iv_scraper - INFO - scrape_daily:794 - Scraping completed: 14/14 successful, 0 failed
2026-03-12 16:30:25 - data.iv_scraper - INFO - __init__:57 - IV Scraper initialized
2026-03-12 16:30:25 - data.iv_scraper - INFO - scrape_daily:694 - Starting daily IV scraping for ETF universe
2026-03-12 16:30:25 - data.iv_scraper - INFO - scrape_daily:713 - Processing XLRE (Real Estate Sector SPDR ETF)
2026-03-12 16:30:37 - data.iv_scraper - WARNING - scrape_daily:743 - XLRE: Low quality IV data (Q:22.1, Vol:7.728813559322034, Spread:150.1%)
2026-03-12 16:30:39 - data.iv_scraper - INFO - scrape_daily:778 - Successfully processed XLRE: Price=$42.14, IV=0.3835, RV=0.1388, Premium=176.27% (if available), YTD=0.0503 (if available)
2026-03-12 16:30:39 - data.iv_scraper - INFO - scrape_daily:713 - Processing XLF (Financials Sector SPDR ETF)
2026-03-12 16:30:41 - data.iv_scraper - INFO - scrape_daily:778 - Successfully processed XLF: Price=$48.83, IV=0.2881, RV=0.1941, Premium=48.39% (if available), YTD=-0.0963 (if available)
2026-03-12 16:30:41 - data.iv_scraper - INFO - scrape_daily:713 - Processing XLE (Energy Sector SPDR ETF)
2026-03-12 16:30:43 - data.iv_scraper - INFO - scrape_daily:778 - Successfully processed XLE: Price=$57.51, IV=0.3271, RV=0.2159, Premium=51.55% (if available), YTD=0.2482 (if available)
2026-03-12 16:30:43 - data.iv_scraper - INFO - scrape_daily:713 - Processing XLC (Communication Services SPDR ETF)
2026-03-12 16:30:44 - data.iv_scraper - WARNING - scrape_daily:743 - XLC: Low quality IV data (Q:23.2, Vol:39.61290322580645, Spread:111.4%)
2026-03-12 16:30:45 - data.iv_scraper - INFO - scrape_daily:778 - Successfully processed XLC: Price=$115.27, IV=0.3747, RV=0.1472, Premium=154.63% (if available), YTD=0.0009 (if available)
2026-03-12 16:30:45 - data.iv_scraper - INFO - scrape_daily:713 - Processing XLK (Technology Sector SPDR ETF)
2026-03-12 16:30:47 - data.iv_scraper - INFO - scrape_daily:778 - Successfully processed XLK: Price=$137.84, IV=0.3442, RV=0.2610, Premium=31.86% (if available), YTD=-0.0268 (if available)
2026-03-12 16:30:47 - data.iv_scraper - INFO - scrape_daily:713 - Processing QQQ (Power Shares QQQ Trust ETF)
2026-03-12 16:30:51 - data.iv_scraper - INFO - scrape_daily:778 - Successfully processed QQQ: Price=$597.26, IV=0.2614, RV=0.1785, Premium=46.47% (if available), YTD=-0.0089 (if available)
2026-03-12 16:30:51 - data.iv_scraper - INFO - scrape_daily:713 - Processing SPY (SPDR S&P 500 Trust)
2026-03-12 16:30:54 - data.iv_scraper - INFO - scrape_daily:778 - Successfully processed SPY: Price=$666.06, IV=0.2268, RV=0.1278, Premium=77.40% (if available), YTD=-0.0100 (if available)
2026-03-12 16:30:54 - data.iv_scraper - INFO - scrape_daily:713 - Processing XLV (Health Care Sector SPDR ETF)
2026-03-12 16:30:55 - data.iv_scraper - WARNING - scrape_daily:743 - XLV: Low quality IV data (Q:25.5, Vol:101.25, Spread:97.1%)
2026-03-12 16:30:55 - data.iv_scraper - INFO - scrape_daily:778 - Successfully processed XLV: Price=$150.16, IV=0.3264, RV=0.1516, Premium=115.36% (if available), YTD=-0.0171 (if available)
2026-03-12 16:30:55 - data.iv_scraper - INFO - scrape_daily:713 - Processing XLB (Materials Sector SPDR ETF)
2026-03-12 16:30:57 - data.iv_scraper - WARNING - scrape_daily:743 - XLB: Low quality IV data (Q:39.1, Vol:1037.1054313099041, Spread:89.0%)
2026-03-12 16:30:58 - data.iv_scraper - INFO - scrape_daily:778 - Successfully processed XLB: Price=$49.68, IV=0.4201, RV=0.2091, Premium=100.92% (if available), YTD=0.0807 (if available)
2026-03-12 16:30:58 - data.iv_scraper - INFO - scrape_daily:713 - Processing XLI (Industrials Sector SPDR ETF)
2026-03-12 16:30:59 - data.iv_scraper - WARNING - scrape_daily:743 - XLI: Low quality IV data (Q:26.6, Vol:232.46478873239437, Spread:114.7%)
2026-03-12 16:31:00 - data.iv_scraper - INFO - scrape_daily:778 - Successfully processed XLI: Price=$165.24, IV=0.4011, RV=0.1827, Premium=119.48% (if available), YTD=0.0729 (if available)
2026-03-12 16:31:00 - data.iv_scraper - INFO - scrape_daily:713 - Processing XLY (Consumer Discretionary SPDR ETF)
2026-03-12 16:31:02 - data.iv_scraper - WARNING - scrape_daily:743 - XLY: Low quality IV data (Q:24.4, Vol:43.33846153846154, Spread:103.7%)
2026-03-12 16:31:02 - data.iv_scraper - INFO - scrape_daily:778 - Successfully processed XLY: Price=$111.52, IV=0.5599, RV=0.1689, Premium=231.58% (if available), YTD=-0.0577 (if available)
2026-03-12 16:31:02 - data.iv_scraper - INFO - scrape_daily:713 - Processing IWM (I-Shares Russell 2000)
2026-03-12 16:31:04 - data.iv_scraper - INFO - scrape_daily:778 - Successfully processed IWM: Price=$247.41, IV=0.3175, RV=0.2129, Premium=49.12% (if available), YTD=0.0164 (if available)
2026-03-12 16:31:04 - data.iv_scraper - INFO - scrape_daily:713 - Processing XLU (Utilities Sector SPDR ETF)
2026-03-12 16:31:06 - data.iv_scraper - WARNING - scrape_daily:743 - XLU: Low quality IV data (Q:42.5, Vol:1814.5882352941176, Spread:62.4%)
2026-03-12 16:31:07 - data.iv_scraper - INFO - scrape_daily:778 - Successfully processed XLU: Price=$46.50, IV=0.2666, RV=0.1545, Premium=72.62% (if available), YTD=0.0692 (if available)
2026-03-12 16:31:07 - data.iv_scraper - INFO - scrape_daily:713 - Processing XLP (Consumer Staples Sector SPDR ETF)
2026-03-12 16:31:09 - data.iv_scraper - WARNING - scrape_daily:743 - XLP: Low quality IV data (Q:30.0, Vol:444.0, Spread:79.0%)
2026-03-12 16:31:09 - data.iv_scraper - INFO - scrape_daily:778 - Successfully processed XLP: Price=$84.25, IV=0.3529, RV=0.1591, Premium=121.76% (if available), YTD=0.0844 (if available)
2026-03-12 16:31:09 - data.iv_scraper - INFO - scrape_daily:794 - Scraping completed: 14/14 successful, 0 failed
2026-03-13 16:30:10 - data.iv_scraper - INFO - __init__:57 - IV Scraper initialized
2026-03-13 16:30:10 - data.iv_scraper - INFO - scrape_daily:694 - Starting daily IV scraping for ETF universe
2026-03-13 16:30:10 - data.iv_scraper - INFO - scrape_daily:713 - Processing XLRE (Real Estate Sector SPDR ETF)
2026-03-13 16:30:16 - data.iv_scraper - WARNING - scrape_daily:743 - XLRE: Low quality IV data (Q:22.1, Vol:7.728813559322034, Spread:161.6%)
2026-03-13 16:30:17 - data.iv_scraper - INFO - scrape_daily:778 - Successfully processed XLRE: Price=$42.25, IV=0.5202, RV=0.1345, Premium=286.78% (if available), YTD=0.0436 (if available)
2026-03-13 16:30:17 - data.iv_scraper - INFO - scrape_daily:713 - Processing XLF (Financials Sector SPDR ETF)
2026-03-13 16:30:19 - data.iv_scraper - INFO - scrape_daily:778 - Successfully processed XLF: Price=$48.89, IV=0.3072, RV=0.1905, Premium=61.29% (if available), YTD=-0.1111 (if available)
2026-03-13 16:30:19 - data.iv_scraper - INFO - scrape_daily:713 - Processing XLE (Energy Sector SPDR ETF)
2026-03-13 16:30:21 - data.iv_scraper - INFO - scrape_daily:778 - Successfully processed XLE: Price=$57.70, IV=0.3031, RV=0.2155, Premium=40.70% (if available), YTD=0.2598 (if available)
2026-03-13 16:30:21 - data.iv_scraper - INFO - scrape_daily:713 - Processing XLC (Communication Services SPDR ETF)
2026-03-13 16:30:24 - data.iv_scraper - WARNING - scrape_daily:743 - XLC: Low quality IV data (Q:23.2, Vol:29.774193548387096, Spread:169.9%)
2026-03-13 16:30:25 - data.iv_scraper - INFO - scrape_daily:778 - Successfully processed XLC: Price=$114.45, IV=0.4337, RV=0.1257, Premium=245.02% (if available), YTD=-0.0139 (if available)
2026-03-13 16:30:25 - data.iv_scraper - INFO - scrape_daily:713 - Processing XLK (Technology Sector SPDR ETF)
2026-03-13 16:30:27 - data.iv_scraper - INFO - scrape_daily:778 - Successfully processed XLK: Price=$136.80, IV=0.3512, RV=0.2584, Premium=35.91% (if available), YTD=-0.0448 (if available)
2026-03-13 16:30:27 - data.iv_scraper - INFO - scrape_daily:713 - Processing QQQ (Power Shares QQQ Trust ETF)
2026-03-13 16:30:30 - data.iv_scraper - INFO - scrape_daily:778 - Successfully processed QQQ: Price=$593.72, IV=0.2594, RV=0.1784, Premium=45.38% (if available), YTD=-0.0259 (if available)
2026-03-13 16:30:30 - data.iv_scraper - INFO - scrape_daily:713 - Processing SPY (SPDR S&P 500 Trust)
2026-03-13 16:30:32 - data.iv_scraper - INFO - scrape_daily:778 - Successfully processed SPY: Price=$662.29, IV=0.2293, RV=0.1284, Premium=78.59% (if available), YTD=-0.0250 (if available)
2026-03-13 16:30:32 - data.iv_scraper - INFO - scrape_daily:713 - Processing XLV (Health Care Sector SPDR ETF)
2026-03-13 16:30:33 - data.iv_scraper - WARNING - scrape_daily:743 - XLV: Low quality IV data (Q:36.4, Vol:2401.917525773196, Spread:113.4%)
2026-03-13 16:30:34 - data.iv_scraper - INFO - scrape_daily:778 - Successfully processed XLV: Price=$149.79, IV=0.3459, RV=0.1515, Premium=128.32% (if available), YTD=-0.0344 (if available)
2026-03-13 16:30:34 - data.iv_scraper - INFO - scrape_daily:713 - Processing XLB (Materials Sector SPDR ETF)
2026-03-13 16:30:35 - data.iv_scraper - WARNING - scrape_daily:743 - XLB: Low quality IV data (Q:26.6, Vol:1471.2535211267605, Spread:89.2%)
2026-03-13 16:30:37 - data.iv_scraper - INFO - scrape_daily:778 - Successfully processed XLB: Price=$49.19, IV=0.5851, RV=0.2109, Premium=177.39% (if available), YTD=0.0772 (if available)
2026-03-13 16:30:37 - data.iv_scraper - INFO - scrape_daily:713 - Processing XLI (Industrials Sector SPDR ETF)
2026-03-13 16:30:38 - data.iv_scraper - WARNING - scrape_daily:743 - XLI: Low quality IV data (Q:26.6, Vol:186.57746478873239, Spread:124.6%)
2026-03-13 16:30:39 - data.iv_scraper - INFO - scrape_daily:778 - Successfully processed XLI: Price=$164.65, IV=0.3949, RV=0.1804, Premium=118.87% (if available), YTD=0.0460 (if available)
2026-03-13 16:30:39 - data.iv_scraper - INFO - scrape_daily:713 - Processing XLY (Consumer Discretionary SPDR ETF)
2026-03-13 16:30:39 - data.iv_scraper - WARNING - scrape_daily:743 - XLY: Low quality IV data (Q:24.4, Vol:53.90769230769231, Spread:130.1%)
2026-03-13 16:30:39 - data.iv_scraper - INFO - scrape_daily:778 - Successfully processed XLY: Price=$111.52, IV=0.5362, RV=0.1689, Premium=217.51% (if available), YTD=-0.0577 (if available)
2026-03-13 16:30:39 - data.iv_scraper - INFO - scrape_daily:713 - Processing IWM (I-Shares Russell 2000)
2026-03-13 16:30:41 - data.iv_scraper - INFO - scrape_daily:778 - Successfully processed IWM: Price=$246.59, IV=0.3131, RV=0.2128, Premium=47.14% (if available), YTD=-0.0055 (if available)
2026-03-13 16:30:41 - data.iv_scraper - INFO - scrape_daily:713 - Processing XLU (Utilities Sector SPDR ETF)
2026-03-13 16:30:43 - data.iv_scraper - WARNING - scrape_daily:743 - XLU: Low quality IV data (Q:42.5, Vol:1876.1176470588234, Spread:62.7%)
2026-03-13 16:30:44 - data.iv_scraper - INFO - scrape_daily:778 - Successfully processed XLU: Price=$46.96, IV=0.2856, RV=0.1558, Premium=83.35% (if available), YTD=0.0769 (if available)
2026-03-13 16:30:44 - data.iv_scraper - INFO - scrape_daily:713 - Processing XLP (Consumer Staples Sector SPDR ETF)
2026-03-13 16:30:44 - data.iv_scraper - WARNING - scrape_daily:743 - XLP: Low quality IV data (Q:33.0, Vol:9312.136363636364, Spread:66.6%)
2026-03-13 16:30:44 - data.iv_scraper - INFO - scrape_daily:778 - Successfully processed XLP: Price=$84.25, IV=0.2993, RV=0.1591, Premium=88.09% (if available), YTD=0.0844 (if available)
2026-03-13 16:30:44 - data.iv_scraper - INFO - scrape_daily:794 - Scraping completed: 14/14 successful, 0 failed
2026-03-16 16:30:12 - data.iv_scraper - INFO - __init__:57 - IV Scraper initialized
2026-03-16 16:30:12 - data.iv_scraper - INFO - scrape_daily:694 - Starting daily IV scraping for ETF universe
2026-03-16 16:30:12 - data.iv_scraper - INFO - scrape_daily:713 - Processing XLRE (Real Estate Sector SPDR ETF)
2026-03-16 16:30:19 - data.iv_scraper - WARNING - scrape_daily:743 - XLRE: Low quality IV data (Q:23.2, Vol:20.0, Spread:137.9%)
2026-03-16 16:30:19 - data.iv_scraper - INFO - scrape_daily:778 - Successfully processed XLRE: Price=$42.58, IV=0.5621, RV=0.1360, Premium=313.21% (if available), YTD=0.0463 (if available)
2026-03-16 16:30:19 - data.iv_scraper - INFO - scrape_daily:713 - Processing XLF (Financials Sector SPDR ETF)
2026-03-16 16:30:22 - data.iv_scraper - INFO - scrape_daily:778 - Successfully processed XLF: Price=$49.30, IV=0.2579, RV=0.1933, Premium=33.45% (if available), YTD=-0.1100 (if available)
2026-03-16 16:30:22 - data.iv_scraper - INFO - scrape_daily:713 - Processing XLE (Energy Sector SPDR ETF)
2026-03-16 16:30:24 - data.iv_scraper - INFO - scrape_daily:778 - Successfully processed XLE: Price=$57.90, IV=0.2843, RV=0.2147, Premium=32.45% (if available), YTD=0.2640 (if available)
2026-03-16 16:30:24 - data.iv_scraper - INFO - scrape_daily:713 - Processing XLC (Communication Services SPDR ETF)
2026-03-16 16:30:26 - data.iv_scraper - WARNING - scrape_daily:743 - XLC: Low quality IV data (Q:29.8, Vol:10.235294117647058, Spread:132.2%)
2026-03-16 16:30:26 - data.iv_scraper - INFO - scrape_daily:778 - Successfully processed XLC: Price=$115.33, IV=0.3453, RV=0.1280, Premium=169.68% (if available), YTD=-0.0210 (if available)
2026-03-16 16:30:26 - data.iv_scraper - INFO - scrape_daily:713 - Processing XLK (Technology Sector SPDR ETF)
2026-03-16 16:30:28 - data.iv_scraper - INFO - scrape_daily:778 - Successfully processed XLK: Price=$138.78, IV=0.3199, RV=0.2569, Premium=24.54% (if available), YTD=-0.0520 (if available)
2026-03-16 16:30:28 - data.iv_scraper - INFO - scrape_daily:713 - Processing QQQ (Power Shares QQQ Trust ETF)
2026-03-16 16:30:30 - data.iv_scraper - INFO - scrape_daily:778 - Successfully processed QQQ: Price=$600.38, IV=0.2283, RV=0.1797, Premium=27.08% (if available), YTD=-0.0316 (if available)
2026-03-16 16:30:30 - data.iv_scraper - INFO - scrape_daily:713 - Processing SPY (SPDR S&P 500 Trust)
2026-03-16 16:30:32 - data.iv_scraper - INFO - scrape_daily:778 - Successfully processed SPY: Price=$669.03, IV=0.1959, RV=0.1327, Premium=47.64% (if available), YTD=-0.0306 (if available)
2026-03-16 16:30:32 - data.iv_scraper - INFO - scrape_daily:713 - Processing XLV (Health Care Sector SPDR ETF)
2026-03-16 16:30:33 - data.iv_scraper - WARNING - scrape_daily:743 - XLV: Low quality IV data (Q:22.1, Vol:14.508474576271187, Spread:165.4%)
2026-03-16 16:30:34 - data.iv_scraper - INFO - scrape_daily:778 - Successfully processed XLV: Price=$151.01, IV=0.3386, RV=0.1525, Premium=122.12% (if available), YTD=-0.0368 (if available)
2026-03-16 16:30:34 - data.iv_scraper - INFO - scrape_daily:713 - Processing XLB (Materials Sector SPDR ETF)
2026-03-16 16:30:35 - data.iv_scraper - WARNING - scrape_daily:743 - XLB: Low quality IV data (Q:23.2, Vol:1113.0967741935483, Spread:114.8%)
2026-03-16 16:30:36 - data.iv_scraper - INFO - scrape_daily:778 - Successfully processed XLB: Price=$49.40, IV=0.4811, RV=0.2070, Premium=132.39% (if available), YTD=0.0666 (if available)
2026-03-16 16:30:36 - data.iv_scraper - INFO - scrape_daily:713 - Processing XLI (Industrials Sector SPDR ETF)
2026-03-16 16:30:47 - data.iv_scraper - WARNING - scrape_daily:743 - XLI: Low quality IV data (Q:26.6, Vol:181.3943661971831, Spread:140.5%)
2026-03-16 16:30:47 - data.iv_scraper - INFO - scrape_daily:778 - Successfully processed XLI: Price=$166.06, IV=0.3956, RV=0.1821, Premium=117.31% (if available), YTD=0.0422 (if available)
2026-03-16 16:30:47 - data.iv_scraper - INFO - scrape_daily:713 - Processing XLY (Consumer Discretionary SPDR ETF)
2026-03-16 16:30:47 - data.iv_scraper - WARNING - scrape_daily:743 - XLY: Low quality IV data (Q:22.1, Vol:19.23728813559322, Spread:112.5%)
2026-03-16 16:30:47 - data.iv_scraper - INFO - scrape_daily:778 - Successfully processed XLY: Price=$112.50, IV=0.4528, RV=0.1764, Premium=156.64% (if available), YTD=-0.0495 (if available)
2026-03-16 16:30:47 - data.iv_scraper - INFO - scrape_daily:713 - Processing IWM (I-Shares Russell 2000)
2026-03-16 16:30:50 - data.iv_scraper - INFO - scrape_daily:778 - Successfully processed IWM: Price=$248.92, IV=0.2776, RV=0.2122, Premium=30.80% (if available), YTD=-0.0088 (if available)
2026-03-16 16:30:50 - data.iv_scraper - INFO - scrape_daily:713 - Processing XLU (Utilities Sector SPDR ETF)
2026-03-16 16:30:51 - data.iv_scraper - WARNING - scrape_daily:743 - XLU: Low quality IV data (Q:42.8, Vol:1653.0, Spread:64.6%)
2026-03-16 16:30:52 - data.iv_scraper - INFO - scrape_daily:778 - Successfully processed XLU: Price=$47.26, IV=0.2550, RV=0.1555, Premium=63.97% (if available), YTD=0.0875 (if available)
2026-03-16 16:30:52 - data.iv_scraper - INFO - scrape_daily:713 - Processing XLP (Consumer Staples Sector SPDR ETF)
2026-03-16 16:30:52 - data.iv_scraper - WARNING - scrape_daily:743 - XLP: Low quality IV data (Q:35.2, Vol:1503.3829787234042, Spread:87.7%)
2026-03-16 16:30:53 - data.iv_scraper - INFO - scrape_daily:778 - Successfully processed XLP: Price=$85.14, IV=0.2248, RV=0.1530, Premium=46.94% (if available), YTD=0.0959 (if available)
2026-03-16 16:30:53 - data.iv_scraper - INFO - scrape_daily:794 - Scraping completed: 14/14 successful, 0 failed
2026-03-17 16:30:17 - data.iv_scraper - INFO - __init__:57 - IV Scraper initialized
2026-03-17 16:30:17 - data.iv_scraper - INFO - scrape_daily:694 - Starting daily IV scraping for ETF universe
2026-03-17 16:30:17 - data.iv_scraper - INFO - scrape_daily:713 - Processing XLRE (Real Estate Sector SPDR ETF)
2026-03-17 16:30:26 - data.iv_scraper - WARNING - scrape_daily:743 - XLRE: Low quality IV data (Q:21.0, Vol:10.5, Spread:130.5%)
2026-03-17 16:30:27 - data.iv_scraper - INFO - scrape_daily:778 - Successfully processed XLRE: Price=$42.72, IV=0.5639, RV=0.1310, Premium=330.28% (if available), YTD=0.0545 (if available)
2026-03-17 16:30:27 - data.iv_scraper - INFO - scrape_daily:713 - Processing XLF (Financials Sector SPDR ETF)
2026-03-17 16:30:28 - data.iv_scraper - INFO - scrape_daily:778 - Successfully processed XLF: Price=$49.56, IV=0.2294, RV=0.1905, Premium=20.43% (if available), YTD=-0.1025 (if available)
2026-03-17 16:30:28 - data.iv_scraper - INFO - scrape_daily:713 - Processing XLE (Energy Sector SPDR ETF)
2026-03-17 16:30:31 - data.iv_scraper - INFO - scrape_daily:778 - Successfully processed XLE: Price=$58.51, IV=0.2764, RV=0.2029, Premium=36.22% (if available), YTD=0.2683 (if available)
2026-03-17 16:30:31 - data.iv_scraper - INFO - scrape_daily:713 - Processing XLC (Communication Services SPDR ETF)
2026-03-17 16:30:32 - data.iv_scraper - WARNING - scrape_daily:743 - XLC: Low quality IV data (Q:22.1, Vol:18.033898305084747, Spread:162.5%)
2026-03-17 16:30:33 - data.iv_scraper - INFO - scrape_daily:778 - Successfully processed XLC: Price=$115.37, IV=0.3620, RV=0.1280, Premium=182.86% (if available), YTD=-0.0134 (if available)
2026-03-17 16:30:33 - data.iv_scraper - INFO - scrape_daily:713 - Processing XLK (Technology Sector SPDR ETF)
2026-03-17 16:30:35 - data.iv_scraper - INFO - scrape_daily:778 - Successfully processed XLK: Price=$139.54, IV=0.2776, RV=0.2557, Premium=8.59% (if available), YTD=-0.0383 (if available)
2026-03-17 16:30:35 - data.iv_scraper - INFO - scrape_daily:713 - Processing QQQ (Power Shares QQQ Trust ETF)
2026-03-17 16:30:37 - data.iv_scraper - INFO - scrape_daily:778 - Successfully processed QQQ: Price=$603.31, IV=0.2140, RV=0.1790, Premium=19.57% (if available), YTD=-0.0208 (if available)
2026-03-17 16:30:37 - data.iv_scraper - INFO - scrape_daily:713 - Processing SPY (SPDR S&P 500 Trust)
2026-03-17 16:30:39 - data.iv_scraper - INFO - scrape_daily:778 - Successfully processed SPY: Price=$670.79, IV=0.1824, RV=0.1319, Premium=38.23% (if available), YTD=-0.0207 (if available)
2026-03-17 16:30:39 - data.iv_scraper - INFO - scrape_daily:713 - Processing XLV (Health Care Sector SPDR ETF)
2026-03-17 16:30:41 - data.iv_scraper - INFO - scrape_daily:778 - Successfully processed XLV: Price=$149.64, IV=0.2083, RV=0.1528, Premium=36.27% (if available), YTD=-0.0289 (if available)
2026-03-17 16:30:41 - data.iv_scraper - INFO - scrape_daily:713 - Processing XLB (Materials Sector SPDR ETF)
2026-03-17 16:30:42 - data.iv_scraper - WARNING - scrape_daily:743 - XLB: Low quality IV data (Q:24.4, Vol:826.123076923077, Spread:108.9%)
2026-03-17 16:30:43 - data.iv_scraper - INFO - scrape_daily:778 - Successfully processed XLB: Price=$49.52, IV=0.5207, RV=0.2059, Premium=152.90% (if available), YTD=0.0711 (if available)
2026-03-17 16:30:43 - data.iv_scraper - INFO - scrape_daily:713 - Processing XLI (Industrials Sector SPDR ETF)
2026-03-17 16:30:44 - data.iv_scraper - WARNING - scrape_daily:743 - XLI: Low quality IV data (Q:24.4, Vol:144.96923076923076, Spread:107.1%)
2026-03-17 16:30:45 - data.iv_scraper - INFO - scrape_daily:778 - Successfully processed XLI: Price=$166.50, IV=0.3427, RV=0.1784, Premium=92.11% (if available), YTD=0.0511 (if available)
2026-03-17 16:30:45 - data.iv_scraper - INFO - scrape_daily:713 - Processing XLY (Consumer Discretionary SPDR ETF)
2026-03-17 16:30:45 - data.iv_scraper - WARNING - scrape_daily:743 - XLY: Low quality IV data (Q:23.2, Vol:83.51612903225806, Spread:117.0%)
2026-03-17 16:30:45 - data.iv_scraper - INFO - scrape_daily:778 - Successfully processed XLY: Price=$112.50, IV=0.3903, RV=0.1764, Premium=121.20% (if available), YTD=-0.0495 (if available)
2026-03-17 16:30:45 - data.iv_scraper - INFO - scrape_daily:713 - Processing IWM (I-Shares Russell 2000)
2026-03-17 16:30:47 - data.iv_scraper - INFO - scrape_daily:778 - Successfully processed IWM: Price=$250.05, IV=0.2644, RV=0.2104, Premium=25.67% (if available), YTD=0.0006 (if available)
2026-03-17 16:30:47 - data.iv_scraper - INFO - scrape_daily:713 - Processing XLU (Utilities Sector SPDR ETF)
2026-03-17 16:30:50 - data.iv_scraper - INFO - scrape_daily:778 - Successfully processed XLU: Price=$47.13, IV=0.2259, RV=0.1474, Premium=53.24% (if available), YTD=0.0945 (if available)
2026-03-17 16:30:50 - data.iv_scraper - INFO - scrape_daily:713 - Processing XLP (Consumer Staples Sector SPDR ETF)
2026-03-17 16:30:50 - data.iv_scraper - WARNING - scrape_daily:743 - XLP: Low quality IV data (Q:48.9, Vol:565.6803069053708, Spread:64.4%)
2026-03-17 16:30:50 - data.iv_scraper - INFO - scrape_daily:778 - Successfully processed XLP: Price=$85.14, IV=0.2301, RV=0.1530, Premium=50.43% (if available), YTD=0.0959 (if available)
2026-03-17 16:30:50 - data.iv_scraper - INFO - scrape_daily:794 - Scraping completed: 14/14 successful, 0 failed
2026-03-18 16:30:11 - data.iv_scraper - INFO - __init__:57 - IV Scraper initialized
2026-03-18 16:30:11 - data.iv_scraper - INFO - scrape_daily:694 - Starting daily IV scraping for ETF universe
2026-03-18 16:30:11 - data.iv_scraper - INFO - scrape_daily:713 - Processing XLRE (Real Estate Sector SPDR ETF)
2026-03-18 16:30:18 - data.iv_scraper - WARNING - scrape_daily:743 - XLRE: Low quality IV data (Q:23.2, Vol:23.0, Spread:140.9%)
2026-03-18 16:30:20 - data.iv_scraper - INFO - scrape_daily:778 - Successfully processed XLRE: Price=$42.02, IV=0.5635, RV=0.1403, Premium=301.55% (if available), YTD=0.0579 (if available)
2026-03-18 16:30:20 - data.iv_scraper - INFO - scrape_daily:713 - Processing XLF (Financials Sector SPDR ETF)
2026-03-18 16:30:23 - data.iv_scraper - INFO - scrape_daily:778 - Successfully processed XLF: Price=$48.97, IV=0.3004, RV=0.1914, Premium=56.96% (if available), YTD=-0.0978 (if available)
2026-03-18 16:30:23 - data.iv_scraper - INFO - scrape_daily:713 - Processing XLE (Energy Sector SPDR ETF)
2026-03-18 16:30:24 - data.iv_scraper - WARNING - scrape_daily:743 - XLE: Low quality IV data (Q:30.0, Vol:1394.0, Spread:77.7%)
2026-03-18 16:30:25 - data.iv_scraper - INFO - scrape_daily:778 - Successfully processed XLE: Price=$58.43, IV=0.4841, RV=0.1872, Premium=158.61% (if available), YTD=0.2817 (if available)
2026-03-18 16:30:25 - data.iv_scraper - INFO - scrape_daily:713 - Processing XLC (Communication Services SPDR ETF)
2026-03-18 16:30:26 - data.iv_scraper - WARNING - scrape_daily:743 - XLC: Low quality IV data (Q:21.0, Vol:4.0, Spread:113.0%)
2026-03-18 16:30:27 - data.iv_scraper - INFO - scrape_daily:778 - Successfully processed XLC: Price=$113.66, IV=0.3892, RV=0.1267, Premium=207.24% (if available), YTD=-0.0131 (if available)
2026-03-18 16:30:27 - data.iv_scraper - INFO - scrape_daily:713 - Processing XLK (Technology Sector SPDR ETF)
2026-03-18 16:30:30 - data.iv_scraper - INFO - scrape_daily:778 - Successfully processed XLK: Price=$137.96, IV=0.3179, RV=0.2499, Premium=27.20% (if available), YTD=-0.0330 (if available)
2026-03-18 16:30:30 - data.iv_scraper - INFO - scrape_daily:713 - Processing QQQ (Power Shares QQQ Trust ETF)
2026-03-18 16:30:32 - data.iv_scraper - INFO - scrape_daily:778 - Successfully processed QQQ: Price=$594.90, IV=0.2381, RV=0.1781, Premium=33.71% (if available), YTD=-0.0160 (if available)
2026-03-18 16:30:32 - data.iv_scraper - INFO - scrape_daily:713 - Processing SPY (SPDR S&P 500 Trust)
2026-03-18 16:30:34 - data.iv_scraper - INFO - scrape_daily:778 - Successfully processed SPY: Price=$661.43, IV=0.2087, RV=0.1355, Premium=53.99% (if available), YTD=-0.0181 (if available)
2026-03-18 16:30:34 - data.iv_scraper - INFO - scrape_daily:713 - Processing XLV (Health Care Sector SPDR ETF)
2026-03-18 16:30:35 - data.iv_scraper - WARNING - scrape_daily:743 - XLV: Low quality IV data (Q:27.8, Vol:86.0, Spread:141.3%)
2026-03-18 16:30:36 - data.iv_scraper - INFO - scrape_daily:778 - Successfully processed XLV: Price=$147.14, IV=0.3422, RV=0.1573, Premium=117.51% (if available), YTD=-0.0377 (if available)
2026-03-18 16:30:36 - data.iv_scraper - INFO - scrape_daily:713 - Processing XLB (Materials Sector SPDR ETF)
2026-03-18 16:30:37 - data.iv_scraper - WARNING - scrape_daily:743 - XLB: Low quality IV data (Q:23.2, Vol:35.0, Spread:130.7%)
2026-03-18 16:30:38 - data.iv_scraper - INFO - scrape_daily:778 - Successfully processed XLB: Price=$48.48, IV=0.5332, RV=0.2047, Premium=160.41% (if available), YTD=0.0737 (if available)
2026-03-18 16:30:38 - data.iv_scraper - INFO - scrape_daily:713 - Processing XLI (Industrials Sector SPDR ETF)
2026-03-18 16:30:39 - data.iv_scraper - WARNING - scrape_daily:743 - XLI: Low quality IV data (Q:25.5, Vol:142.0, Spread:78.1%)
2026-03-18 16:30:40 - data.iv_scraper - INFO - scrape_daily:778 - Successfully processed XLI: Price=$165.18, IV=0.4325, RV=0.1779, Premium=143.14% (if available), YTD=0.0539 (if available)
2026-03-18 16:30:40 - data.iv_scraper - INFO - scrape_daily:713 - Processing XLY (Consumer Discretionary SPDR ETF)
2026-03-18 16:30:41 - data.iv_scraper - WARNING - scrape_daily:743 - XLY: Low quality IV data (Q:27.8, Vol:96.0, Spread:82.9%)
2026-03-18 16:30:41 - data.iv_scraper - INFO - scrape_daily:778 - Successfully processed XLY: Price=$112.21, IV=0.3564, RV=0.1764, Premium=102.08% (if available), YTD=-0.0519 (if available)
2026-03-18 16:30:41 - data.iv_scraper - INFO - scrape_daily:713 - Processing IWM (I-Shares Russell 2000)
2026-03-18 16:30:43 - data.iv_scraper - INFO - scrape_daily:778 - Successfully processed IWM: Price=$246.02, IV=0.2869, RV=0.2143, Premium=33.92% (if available), YTD=0.0069 (if available)
2026-03-18 16:30:43 - data.iv_scraper - INFO - scrape_daily:713 - Processing XLU (Utilities Sector SPDR ETF)
2026-03-18 16:30:45 - data.iv_scraper - INFO - scrape_daily:778 - Successfully processed XLU: Price=$46.73, IV=0.2212, RV=0.1474, Premium=50.04% (if available), YTD=0.0915 (if available)
2026-03-18 16:30:45 - data.iv_scraper - INFO - scrape_daily:713 - Processing XLP (Consumer Staples Sector SPDR ETF)
2026-03-18 16:30:45 - data.iv_scraper - INFO - scrape_daily:778 - Successfully processed XLP: Price=$83.17, IV=0.1975, RV=0.1513, Premium=30.55% (if available), YTD=0.0705 (if available)
2026-03-18 16:30:45 - data.iv_scraper - INFO - scrape_daily:794 - Scraping completed: 14/14 successful, 0 failed
