2026-03-09 08:10:42 - data.iv_scraper - ERROR - _get_current_price:89 - Error getting current price for XLRE: HTTPSConnectionPool(host='fc.yahoo.com', port=443): Max retries exceeded with url: / (Caused by NameResolutionError("<urllib3.connection.HTTPSConnection object at 0x00000262B837EFD0>: Failed to resolve 'fc.yahoo.com' ([Errno 11004] getaddrinfo failed)"))
2026-03-09 08:10:42 - data.iv_scraper - ERROR - _get_current_price:89 - Error getting current price for XLF: HTTPSConnectionPool(host='fc.yahoo.com', port=443): Max retries exceeded with url: / (Caused by NameResolutionError("<urllib3.connection.HTTPSConnection object at 0x00000262B837FC50>: Failed to resolve 'fc.yahoo.com' ([Errno 11004] getaddrinfo failed)"))
2026-03-09 08:10:42 - data.iv_scraper - ERROR - _get_current_price:89 - Error getting current price for XLE: HTTPSConnectionPool(host='fc.yahoo.com', port=443): Max retries exceeded with url: / (Caused by NameResolutionError("<urllib3.connection.HTTPSConnection object at 0x00000262B837EC10>: Failed to resolve 'fc.yahoo.com' ([Errno 11004] getaddrinfo failed)"))
2026-03-09 08:10:42 - data.iv_scraper - ERROR - _get_current_price:89 - Error getting current price for XLC: HTTPSConnectionPool(host='fc.yahoo.com', port=443): Max retries exceeded with url: / (Caused by NameResolutionError("<urllib3.connection.HTTPSConnection object at 0x00000262B8440550>: Failed to resolve 'fc.yahoo.com' ([Errno 11004] getaddrinfo failed)"))
2026-03-09 08:10:42 - data.iv_scraper - ERROR - _get_current_price:89 - Error getting current price for XLK: HTTPSConnectionPool(host='fc.yahoo.com', port=443): Max retries exceeded with url: / (Caused by NameResolutionError("<urllib3.connection.HTTPSConnection object at 0x00000262B8441310>: Failed to resolve 'fc.yahoo.com' ([Errno 11004] getaddrinfo failed)"))
2026-03-09 08:10:42 - data.iv_scraper - ERROR - _get_current_price:89 - Error getting current price for QQQ: HTTPSConnectionPool(host='fc.yahoo.com', port=443): Max retries exceeded with url: / (Caused by NameResolutionError("<urllib3.connection.HTTPSConnection object at 0x00000262B84420D0>: Failed to resolve 'fc.yahoo.com' ([Errno 11004] getaddrinfo failed)"))
2026-03-09 08:10:42 - data.iv_scraper - ERROR - _get_current_price:89 - Error getting current price for SPY: HTTPSConnectionPool(host='fc.yahoo.com', port=443): Max retries exceeded with url: / (Caused by NameResolutionError("<urllib3.connection.HTTPSConnection object at 0x00000262B8442E90>: Failed to resolve 'fc.yahoo.com' ([Errno 11004] getaddrinfo failed)"))
2026-03-09 08:10:42 - data.iv_scraper - ERROR - _get_current_price:89 - Error getting current price for XLV: HTTPSConnectionPool(host='fc.yahoo.com', port=443): Max retries exceeded with url: / (Caused by NameResolutionError("<urllib3.connection.HTTPSConnection object at 0x00000262B837ED50>: Failed to resolve 'fc.yahoo.com' ([Errno 11004] getaddrinfo failed)"))
2026-03-09 08:10:42 - data.iv_scraper - ERROR - _get_current_price:89 - Error getting current price for XLB: HTTPSConnectionPool(host='fc.yahoo.com', port=443): Max retries exceeded with url: / (Caused by NameResolutionError("<urllib3.connection.HTTPSConnection object at 0x00000262B837F9D0>: Failed to resolve 'fc.yahoo.com' ([Errno 11004] getaddrinfo failed)"))
2026-03-09 08:10:42 - data.iv_scraper - ERROR - _get_current_price:89 - Error getting current price for XLI: HTTPSConnectionPool(host='fc.yahoo.com', port=443): Max retries exceeded with url: / (Caused by NameResolutionError("<urllib3.connection.HTTPSConnection object at 0x00000262B8442850>: Failed to resolve 'fc.yahoo.com' ([Errno 11004] getaddrinfo failed)"))
2026-03-09 08:10:42 - data.iv_scraper - ERROR - _get_current_price:89 - Error getting current price for XLY: HTTPSConnectionPool(host='fc.yahoo.com', port=443): Max retries exceeded with url: / (Caused by NameResolutionError("<urllib3.connection.HTTPSConnection object at 0x00000262B8441590>: Failed to resolve 'fc.yahoo.com' ([Errno 11004] getaddrinfo failed)"))
2026-03-09 08:10:42 - data.iv_scraper - ERROR - _get_current_price:89 - Error getting current price for IWM: HTTPSConnectionPool(host='fc.yahoo.com', port=443): Max retries exceeded with url: / (Caused by NameResolutionError("<urllib3.connection.HTTPSConnection object at 0x00000262B84407D0>: Failed to resolve 'fc.yahoo.com' ([Errno 11004] getaddrinfo failed)"))
2026-03-09 08:10:42 - data.iv_scraper - ERROR - _get_current_price:89 - Error getting current price for XLU: HTTPSConnectionPool(host='fc.yahoo.com', port=443): Max retries exceeded with url: / (Caused by NameResolutionError("<urllib3.connection.HTTPSConnection object at 0x00000262B8443890>: Failed to resolve 'fc.yahoo.com' ([Errno 11004] getaddrinfo failed)"))
2026-03-09 08:10:42 - data.iv_scraper - ERROR - _get_current_price:89 - Error getting current price for XLP: HTTPSConnectionPool(host='fc.yahoo.com', port=443): Max retries exceeded with url: / (Caused by NameResolutionError("<urllib3.connection.HTTPSConnection object at 0x00000262B837F390>: Failed to resolve 'fc.yahoo.com' ([Errno 11004] getaddrinfo failed)"))
2026-03-09 08:28:54 - data.iv_scraper - ERROR - _days_to_expiration:121 - Error parsing expiration date invalid-date: time data 'invalid-date' does not match format '%Y-%m-%d'
2026-03-09 08:28:54 - data.iv_scraper - ERROR - _get_current_price:103 - Error getting current price for SPY: Network error
2026-03-09 08:28:54 - data.iv_scraper - ERROR - _get_current_price:103 - Error getting current price for SPY: ufunc 'isnan' not supported for the input types, and the inputs could not be safely coerced to any supported types according to the casting rule ''safe''
2026-03-09 08:28:54 - data.iv_scraper - ERROR - _get_current_price:103 - Error getting current price for SPY: ufunc 'isnan' not supported for the input types, and the inputs could not be safely coerced to any supported types according to the casting rule ''safe''
2026-03-09 08:28:54 - data.iv_scraper - ERROR - scrape_daily:636 - Error processing SPY: cannot unpack non-iterable float object
2026-03-09 08:28:54 - data.iv_scraper - ERROR - run_scraper:682 - Fatal error running IV scraper: Database connection failed
2026-03-09 08:31:17 - data.iv_scraper - ERROR - _days_to_expiration:121 - Error parsing expiration date invalid-date: time data 'invalid-date' does not match format '%Y-%m-%d'
2026-03-09 08:31:17 - data.iv_scraper - ERROR - _get_current_price:103 - Error getting current price for SPY: Network error
2026-03-09 08:31:17 - data.iv_scraper - ERROR - _get_current_price:103 - Error getting current price for SPY: ufunc 'isnan' not supported for the input types, and the inputs could not be safely coerced to any supported types according to the casting rule ''safe''
2026-03-09 08:31:17 - data.iv_scraper - ERROR - _get_current_price:103 - Error getting current price for SPY: ufunc 'isnan' not supported for the input types, and the inputs could not be safely coerced to any supported types according to the casting rule ''safe''
2026-03-09 08:31:17 - data.iv_scraper - ERROR - run_scraper:682 - Fatal error running IV scraper: Database connection failed
2026-03-10 09:09:08 - data.iv_scraper - ERROR - _days_to_expiration:251 - Error parsing expiration date invalid-date: time data 'invalid-date' does not match format '%Y-%m-%d'
2026-03-10 09:09:08 - data.iv_scraper - ERROR - _get_current_price:233 - Error getting current price for SPY: float() argument must be a string or a real number, not 'Mock'
2026-03-10 09:09:13 - data.iv_scraper - ERROR - _get_current_price:233 - Error getting current price for SPY: float() argument must be a string or a real number, not 'Mock'
2026-03-10 09:09:13 - data.iv_scraper - ERROR - _get_current_price:233 - Error getting current price for SPY: float() argument must be a string or a real number, not 'Mock'
2026-03-10 09:09:13 - data.iv_scraper - ERROR - _get_current_price:233 - Error getting current price for SPY: float() argument must be a string or a real number, not 'Mock'
2026-03-10 09:09:13 - data.iv_scraper - ERROR - _get_current_price:233 - Error getting current price for SPY: float() argument must be a string or a real number, not 'Mock'
2026-03-10 09:09:13 - data.iv_scraper - ERROR - run_scraper:804 - Fatal error running IV scraper: Database connection failed
2026-03-10 09:12:10 - data.iv_scraper - ERROR - _days_to_expiration:251 - Error parsing expiration date invalid-date: time data 'invalid-date' does not match format '%Y-%m-%d'
2026-03-10 09:12:10 - data.iv_scraper - ERROR - _get_current_price:233 - Error getting current price for SPY: Network error
2026-03-10 09:12:11 - data.iv_scraper - ERROR - _get_atm_iv:501 - Error extracting ATM IV for SPY: No options
2026-03-10 09:12:11 - data.iv_scraper - ERROR - run_scraper:804 - Fatal error running IV scraper: Database connection failed
