2026-03-06 16:05:24 - QUALITY - iv_quality: 75.50 | status=GOOD | ticker=QQQ
2026-03-09 08:31:17 - QUALITY - iv_scrape_quality: 80.00 | status=GOOD | ticker=SPY
2026-03-10 09:09:13 - QUALITY - iv_scrape_quality: 80.00 | status=GOOD | ticker=SPY
2026-03-10 09:12:11 - QUALITY - iv_scrape_quality: 80.00 | status=GOOD | ticker=SPY
2026-03-10 09:15:42 - QUALITY - iv_scrape_quality: 33.00 | status=POOR | ticker=XLRE
2026-03-10 09:15:42 - QUALITY - Data quality below threshold for iv_scrape_quality: 33.00 < 50.0
2026-03-10 09:15:49 - QUALITY - iv_scrape_quality: 73.75 | status=GOOD | ticker=XLF
2026-03-10 09:15:51 - QUALITY - iv_scrape_quality: 44.50 | status=POOR | ticker=XLE
2026-03-10 09:15:51 - QUALITY - Data quality below threshold for iv_scrape_quality: 44.50 < 50.0
2026-03-10 09:15:54 - QUALITY - iv_scrape_quality: 38.25 | status=POOR | ticker=XLC
2026-03-10 09:15:54 - QUALITY - Data quality below threshold for iv_scrape_quality: 38.25 < 50.0
2026-03-10 09:15:57 - QUALITY - iv_scrape_quality: 71.00 | status=GOOD | ticker=XLK
2026-03-10 09:15:59 - QUALITY - iv_scrape_quality: 70.00 | status=GOOD | ticker=QQQ
2026-03-10 09:16:02 - QUALITY - iv_scrape_quality: 88.75 | status=GOOD | ticker=SPY
2026-03-10 09:16:05 - QUALITY - iv_scrape_quality: 52.25 | status=GOOD | ticker=XLV
2026-03-10 09:16:08 - QUALITY - iv_scrape_quality: 23.25 | status=POOR | ticker=XLB
2026-03-10 09:16:08 - QUALITY - Data quality below threshold for iv_scrape_quality: 23.25 < 50.0
2026-03-10 09:16:10 - QUALITY - iv_scrape_quality: 77.50 | status=GOOD | ticker=XLI
2026-03-10 09:16:13 - QUALITY - iv_scrape_quality: 29.62 | status=POOR | ticker=XLY
2026-03-10 09:16:13 - QUALITY - Data quality below threshold for iv_scrape_quality: 29.62 < 50.0
2026-03-10 09:16:13 - QUALITY - iv_scrape_quality: 81.25 | status=GOOD | ticker=IWM
2026-03-10 09:16:15 - QUALITY - iv_scrape_quality: 26.62 | status=POOR | ticker=XLU
2026-03-10 09:16:15 - QUALITY - Data quality below threshold for iv_scrape_quality: 26.62 < 50.0
2026-03-10 09:16:20 - QUALITY - iv_scrape_quality: 44.25 | status=POOR | ticker=XLP
2026-03-10 09:16:20 - QUALITY - Data quality below threshold for iv_scrape_quality: 44.25 < 50.0
